mode: count
github.com/repejota/qurl/response.go:14.30,19.2 4 1
github.com/repejota/qurl/response.go:14.30,19.2 4 1
github.com/repejota/qurl/routes/query.go:16.52,25.16 6 7
github.com/repejota/qurl/routes/query.go:31.2,32.16 2 6
github.com/repejota/qurl/routes/query.go:36.2,41.42 3 5
github.com/repejota/qurl/routes/query.go:46.2,47.16 2 5
github.com/repejota/qurl/routes/query.go:51.2,51.44 1 5
github.com/repejota/qurl/routes/query.go:55.2,56.16 2 5
github.com/repejota/qurl/routes/query.go:61.2,63.21 3 5
github.com/repejota/qurl/routes/query.go:25.16,28.3 2 1
github.com/repejota/qurl/routes/query.go:32.16,35.3 2 1
github.com/repejota/qurl/routes/query.go:41.42,43.3 1 2
github.com/repejota/qurl/routes/query.go:47.16,50.3 2 0
github.com/repejota/qurl/routes/query.go:51.44,53.3 1 2
github.com/repejota/qurl/routes/query.go:56.16,59.3 2 0
github.com/repejota/qurl/routes/teapot.go:12.53,15.2 2 1
github.com/repejota/qurl/routes/query.go:16.52,25.16 6 7
github.com/repejota/qurl/routes/query.go:31.2,32.16 2 6
github.com/repejota/qurl/routes/query.go:36.2,41.42 3 5
github.com/repejota/qurl/routes/query.go:46.2,47.16 2 5
github.com/repejota/qurl/routes/query.go:51.2,51.44 1 5
github.com/repejota/qurl/routes/query.go:55.2,56.16 2 5
github.com/repejota/qurl/routes/query.go:61.2,63.21 3 5
github.com/repejota/qurl/routes/query.go:25.16,28.3 2 1
github.com/repejota/qurl/routes/query.go:32.16,35.3 2 1
github.com/repejota/qurl/routes/query.go:41.42,43.3 1 2
github.com/repejota/qurl/routes/query.go:47.16,50.3 2 0
github.com/repejota/qurl/routes/query.go:51.44,53.3 1 2
github.com/repejota/qurl/routes/query.go:56.16,59.3 2 0
github.com/repejota/qurl/routes/teapot.go:12.53,15.2 2 1
